<?xml version="1.0" encoding="UTF-8"?>
<!-- Generated by org.testng.reporters.JUnitReportReporter -->
<testsuite hostname="DSHYD-086" failures="0" tests="1" name="sample.Sample1" time="2.215" errors="0" timestamp="2020-02-10T18:59:16 IST" skipped="0">
  <testcase classname="sample.Sample1" name="get" time="2.215"/>
</testsuite> <!-- sample.Sample1 -->
