<?xml version="1.0" encoding="UTF-8"?>
<!-- Generated by org.testng.reporters.JUnitReportReporter -->
<testsuite hostname="DSHYD-086" failures="0" tests="1" name="sample.Rest" time="1.646" errors="0" timestamp="2020-02-10T19:01:03 IST" skipped="0">
  <testcase classname="sample.Rest" name="test" time="1.646"/>
</testsuite> <!-- sample.Rest -->
