<?xml version="1.0" encoding="UTF-8"?>
<!-- Generated by org.testng.reporters.JUnitReportReporter -->
<testsuite hostname="DSHYD-086" failures="0" tests="1" name="anty2.Anty" time="0.009" errors="0" timestamp="2020-02-19T11:28:27 IST" skipped="0">
  <testcase classname="anty2.Anty" name="man" time="0.009"/>
</testsuite> <!-- anty2.Anty -->
